[13:35:31] [LOG] 
* This template project creates a simple scene
* You can play with the config parameters in ../data/config/ICE.ini
* After changing them, relaunch the executable to see the changes.
[16:06:08] [LOG] 
* This template project creates a simple scene
* You can play with the config parameters in ../data/config/ICE.ini
* After changing them, relaunch the executable to see the changes.
[11:28:18] [LOG] 
[11:38:00] [LOG] 
[11:38:43] [LOG] 0.000000
[11:39:34] [LOG] v
[11:40:51] [LOG] 0.000000, 0.000000, 0.200000
[11:41:30] [LOG] 200.000000, 100.000000, 0.200000
[11:42:25] [LOG] 0.000000
[11:48:20] [LOG] 0.463648
[13:49:22] [LOG] O-Circuit
[15:14:35] [LOG] 0
[15:14:35] [LOG] 0
[15:14:35] [LOG] 0
[15:14:35] [LOG] 0
[15:14:37] [LOG] 0
[15:14:37] [LOG] 0
[15:14:37] [LOG] 0
[15:14:37] [LOG] 0
[15:14:37] [LOG] 0
[15:14:37] [LOG] 0
[15:14:37] [LOG] 0
[15:14:37] [LOG] 0
[15:14:38] [LOG] 0
[15:14:38] [LOG] 0
[15:14:38] [LOG] 0
[15:14:38] [LOG] 0
[15:14:38] [LOG] 0
[15:14:38] [LOG] 0
[15:14:38] [LOG] 0
[15:14:38] [LOG] 0
[15:14:38] [LOG] 0
[15:14:38] [LOG] 0
[15:14:39] [LOG] 0
[15:14:39] [LOG] 0
[15:14:39] [LOG] 0
[15:14:39] [LOG] 0
[15:14:39] [LOG] 0
[15:14:40] [LOG] 0
[15:14:40] [LOG] 0
[15:14:40] [LOG] 0
[15:14:40] [LOG] 0
[15:14:40] [LOG] 0
[15:14:40] [LOG] 0
[15:14:40] [LOG] 0
[15:14:40] [LOG] 0
[15:14:40] [LOG] 0
[15:14:40] [LOG] 0
[15:14:40] [LOG] 0
[15:14:40] [LOG] 0
[15:14:40] [LOG] 0
[15:14:40] [LOG] 0
[15:14:40] [LOG] 0
[15:14:40] [LOG] 0
[15:14:40] [LOG] 0
[15:14:40] [LOG] 0
[15:14:40] [LOG] 0
[15:14:40] [LOG] 0
[15:14:40] [LOG] 0
[15:14:40] [LOG] 0
[15:14:40] [LOG] 0
[15:14:40] [LOG] 0
[15:14:40] [LOG] 0
[15:14:40] [LOG] 0
[15:14:40] [LOG] 0
[15:14:40] [LOG] 0
[15:14:40] [LOG] 0
[15:14:40] [LOG] 0
[15:14:40] [LOG] 0
[15:14:40] [LOG] 0
[15:14:41] [LOG] 0
[15:14:41] [LOG] 0
[15:14:41] [LOG] 0
[15:14:41] [LOG] 0
[15:14:41] [LOG] 0
[15:14:41] [LOG] 0
[15:14:41] [LOG] 0
[15:14:41] [LOG] 0
[15:14:41] [LOG] 0
[15:14:41] [LOG] 0
[15:14:41] [LOG] 0
[15:14:41] [LOG] 0
[15:14:41] [LOG] 0
[15:14:41] [LOG] 0
[15:14:41] [LOG] 0
[15:14:41] [LOG] 0
[15:14:41] [LOG] 0
[15:14:41] [LOG] 0
[15:14:41] [LOG] 0
[15:14:41] [LOG] 0
[15:14:41] [LOG] 0
[15:14:41] [LOG] 0
[15:14:41] [LOG] 0
[15:14:41] [LOG] 0
[15:14:41] [LOG] 0
[15:14:41] [LOG] 0
[15:14:41] [LOG] 0
[15:14:41] [LOG] 0
[15:14:41] [LOG] 0
[15:14:41] [LOG] 0
[15:14:41] [LOG] 0
[15:14:41] [LOG] 0
[15:14:41] [LOG] 0
[15:14:41] [LOG] 0
[15:14:41] [LOG] 0
[15:14:41] [LOG] 0
[15:14:41] [LOG] 0
[15:14:41] [LOG] 0
[15:14:41] [LOG] 0
[15:14:41] [LOG] 0
[15:14:41] [LOG] 0
[15:14:41] [LOG] 0
[15:14:41] [LOG] 0
[15:14:41] [LOG] 0
[15:14:41] [LOG] 0
[15:14:41] [LOG] 0
[15:14:41] [LOG] 0
[15:14:41] [LOG] 0
[15:14:41] [LOG] 0
[15:14:41] [LOG] 0
[15:14:41] [LOG] 0
[15:14:41] [LOG] 0
[15:14:41] [LOG] 0
[15:14:41] [LOG] 0
[15:14:41] [LOG] 0
[15:14:41] [LOG] 0
[15:14:41] [LOG] 0
[15:14:41] [LOG] 0
[15:14:41] [LOG] 0
[15:14:41] [LOG] 0
[15:14:42] [LOG] 0
[15:14:42] [LOG] 0
[15:14:42] [LOG] 0
[15:14:42] [LOG] 0
[15:14:42] [LOG] 0
[15:14:42] [LOG] 0
[15:14:42] [LOG] 0
[15:14:42] [LOG] 0
[15:14:42] [LOG] 0
[15:14:42] [LOG] 0
[15:14:42] [LOG] 0
[15:14:42] [LOG] 0
[15:14:42] [LOG] 0
[15:14:42] [LOG] 0
[15:14:42] [LOG] 0
[15:14:42] [LOG] 0
[15:14:42] [LOG] 0
[15:14:42] [LOG] 0
[15:15:14] [LOG] 0
[15:15:15] [LOG] 0
[15:15:17] [LOG] 0
[15:15:18] [LOG] 0
[15:15:20] [LOG] 0
[15:15:23] [LOG] 0
[15:15:25] [LOG] 0
[15:15:28] [LOG] 0
[15:15:29] [LOG] 0
[15:15:30] [LOG] 0
[15:15:30] [LOG] 0
[15:15:30] [LOG] 0
[15:15:31] [LOG] 0
[15:15:31] [LOG] 0
[15:15:32] [LOG] 0
[15:15:32] [LOG] 0
[15:15:33] [LOG] 0
[15:15:33] [LOG] 0
[15:15:33] [LOG] 0
[15:15:34] [LOG] 0
[15:17:30] [LOG] 0
[15:17:31] [LOG] 0
[15:17:32] [LOG] 0
[15:17:32] [LOG] 0
[15:17:32] [LOG] 0
[15:17:33] [LOG] 0
[15:17:33] [LOG] 0
[15:17:34] [LOG] 0
[15:17:35] [LOG] 0
[15:17:36] [LOG] 0
[15:17:37] [LOG] 0
[15:17:38] [LOG] 0
[15:19:11] [LOG] 0.040000
[15:19:13] [LOG] inf
[15:19:14] [LOG] inf
[15:19:15] [LOG] inf
[15:20:42] [LOG] 0.040000
[15:20:42] [LOG] inf
[15:20:43] [LOG] inf
[15:20:43] [LOG] inf
[15:21:12] [LOG] -8.000000
[15:21:15] [LOG] -0.000054
[15:21:16] [LOG] -0.000054
[15:21:16] [LOG] -0.000054
[15:21:17] [LOG] -0.000054
[15:21:17] [LOG] -0.000047
[15:21:18] [LOG] -0.000054
[15:21:18] [LOG] -0.000054
[15:21:19] [LOG] -0.000054
[15:23:30] [LOG] -nan(ind)
[15:23:31] [LOG] -nan(ind)
[15:23:32] [LOG] -nan(ind)
[15:23:33] [LOG] -nan(ind)
[15:25:50] [LOG] -0.200000
[15:25:51] [LOG] -100.004784
[15:25:52] [LOG] -100.004784
[15:25:52] [LOG] -100.004784
[15:25:54] [LOG] -100.004784
[15:25:56] [LOG] -100.004807
[15:26:38] [LOG] 0.200000
[15:26:39] [LOG] 100.004784
[15:26:40] [LOG] 100.004860
[15:26:41] [LOG] 100.004784
[15:26:44] [LOG] 100.004784
[15:29:34] [LOG] 0.200000
[15:29:34] [LOG] 100.000198
[15:29:34] [LOG] 100.000389
[15:29:34] [LOG] 100.000565
[15:29:34] [LOG] 100.000763
[15:29:34] [LOG] 100.000969
[15:29:34] [LOG] 100.001144
[15:29:34] [LOG] 100.001335
[15:29:35] [LOG] 100.001534
[15:29:35] [LOG] 100.001717
[15:29:35] [LOG] 100.001923
[15:29:35] [LOG] 100.002113
[15:29:35] [LOG] 100.002319
[15:29:35] [LOG] 100.002495
[15:29:35] [LOG] 100.002686
[15:29:35] [LOG] 100.002869
[15:29:35] [LOG] 100.003052
[15:29:35] [LOG] 100.003250
[15:29:35] [LOG] 100.003441
[15:29:35] [LOG] 100.003632
[15:29:38] [LOG] 100.003815
[15:29:38] [LOG] 100.004005
[15:29:38] [LOG] 100.004196
[15:29:39] [LOG] 100.004395
[15:29:39] [LOG] 100.004585
[15:29:39] [LOG] 100.004784
[15:29:40] [LOG] 100.000198
[15:29:40] [LOG] 100.000389
[15:29:40] [LOG] 100.000565
[15:29:40] [LOG] 100.000763
[15:29:40] [LOG] 100.000969
[15:29:40] [LOG] 100.001144
[15:29:40] [LOG] 100.001335
[15:29:40] [LOG] 100.001534
[15:29:40] [LOG] 100.001717
[15:29:40] [LOG] 100.001923
[15:29:40] [LOG] 100.002113
[15:29:40] [LOG] 100.002319
[15:29:40] [LOG] 100.002495
[15:29:40] [LOG] 100.002686
[15:29:40] [LOG] 100.002869
[15:30:01] [LOG] 0.200000
[15:30:01] [LOG] 223.606888
[15:30:01] [LOG] 216.481125
[15:30:01] [LOG] 209.418503
[15:30:01] [LOG] 202.425644
[15:30:01] [LOG] 195.510056
[15:30:01] [LOG] 188.680206
[15:30:01] [LOG] 181.945755
[15:30:01] [LOG] 175.317703
[15:30:01] [LOG] 168.808578
[15:30:01] [LOG] 162.432678
[15:30:01] [LOG] 156.206314
[15:30:02] [LOG] 150.148102
[15:30:02] [LOG] 144.279205
[15:30:03] [LOG] 138.623688
[15:30:03] [LOG] 133.208725
[15:30:03] [LOG] 128.064835
[15:30:03] [LOG] 123.225983
[15:30:03] [LOG] 118.729446
[15:30:03] [LOG] 114.615532
[15:30:03] [LOG] 110.926819
[15:30:03] [LOG] 107.707001
[15:30:06] [LOG] 104.999222
[15:30:06] [LOG] 102.843941
[15:30:06] [LOG] 101.276428
[15:30:07] [LOG] 100.324249
[15:30:07] [LOG] 223.606888
[15:30:07] [LOG] 216.481125
[15:30:07] [LOG] 209.418503
[15:30:07] [LOG] 202.425644
[15:30:07] [LOG] 195.510056
[15:30:08] [LOG] 188.680206
[15:30:08] [LOG] 181.945755
[15:30:08] [LOG] 175.317703
[15:30:08] [LOG] 168.808578
[15:30:08] [LOG] 162.432678
[15:30:09] [LOG] 156.206314
[15:30:09] [LOG] 150.148102
[15:30:09] [LOG] 144.279221
[15:30:09] [LOG] 138.623718
[15:30:09] [LOG] 133.208755
[15:30:09] [LOG] 128.064865
[15:30:09] [LOG] 123.226013
[15:30:09] [LOG] 118.729485
[15:31:22] [LOG] 0.000000
[15:31:22] [LOG] 200.000000
[15:31:22] [LOG] 192.000000
[15:31:22] [LOG] 183.999985
[15:31:22] [LOG] 175.999969
[15:31:22] [LOG] 167.999969
[15:31:22] [LOG] 159.999969
[15:31:22] [LOG] 151.999969
[15:31:23] [LOG] 143.999969
[15:31:23] [LOG] 135.999969
[15:31:23] [LOG] 127.999962
[15:31:23] [LOG] 119.999954
[15:31:23] [LOG] 111.999954
[15:31:23] [LOG] 103.999947
[15:31:23] [LOG] 95.999947
[15:31:24] [LOG] 87.999947
[15:31:24] [LOG] 79.999947
[15:31:24] [LOG] 71.999947
[15:31:24] [LOG] 63.999947
[15:31:24] [LOG] 55.999947
[15:31:24] [LOG] 47.999947
[15:31:25] [LOG] 39.999947
[15:31:25] [LOG] 31.999947
[15:31:27] [LOG] 23.999947
[15:31:27] [LOG] 15.999946
[15:31:27] [LOG] 7.999946
[15:31:27] [LOG] 200.000000
[15:31:27] [LOG] 192.000000
[15:31:27] [LOG] 183.999985
[15:31:27] [LOG] 175.999969
[15:31:27] [LOG] 167.999969
[15:31:27] [LOG] 159.999969
[15:31:27] [LOG] 151.999969
[15:31:27] [LOG] 143.999969
[15:31:27] [LOG] 135.999969
[15:31:27] [LOG] 127.999962
[15:31:27] [LOG] 119.999954
[15:31:28] [LOG] 111.999954
[15:31:28] [LOG] 103.999947
[15:31:28] [LOG] 95.999947
[15:31:28] [LOG] 87.999947
[15:31:28] [LOG] 79.999947
[15:31:28] [LOG] 71.999947
[15:31:28] [LOG] 63.999947
[15:31:28] [LOG] 55.999947
[15:31:28] [LOG] 47.999947
[15:31:28] [LOG] 39.999947
[15:31:28] [LOG] 31.999947
[15:31:28] [LOG] 23.999947
[15:31:28] [LOG] 15.999946
[15:31:34] [LOG] 7.999946
[15:31:34] [LOG] 200.000000
[15:31:35] [LOG] 192.000000
[15:31:35] [LOG] 183.999985
[15:31:35] [LOG] 175.999969
[15:31:35] [LOG] 167.999969
[15:31:35] [LOG] 159.999969
[15:31:35] [LOG] 151.999969
[15:31:35] [LOG] 143.999969
[15:31:35] [LOG] 135.999969
[15:31:35] [LOG] 127.999962
[15:31:35] [LOG] 119.999954
[15:31:35] [LOG] 111.999954
[15:31:35] [LOG] 103.999947
[15:31:35] [LOG] 95.999947
[15:31:35] [LOG] 87.999947
[15:31:35] [LOG] 79.999947
[15:31:35] [LOG] 71.999947
[15:31:35] [LOG] 63.999947
[15:31:35] [LOG] 55.999947
[15:31:35] [LOG] 47.999947
[15:31:35] [LOG] 39.999947
[15:31:35] [LOG] 31.999947
[15:31:35] [LOG] 23.999947
[15:31:35] [LOG] 15.999946
[15:31:35] [LOG] 7.999946
[15:31:36] [LOG] 200.000000
[15:31:36] [LOG] 192.000000
[15:31:36] [LOG] 183.999985
[15:31:36] [LOG] 175.999969
[15:31:36] [LOG] 167.999969
[15:31:36] [LOG] 159.999969
[15:31:36] [LOG] 151.999969
[15:31:36] [LOG] 143.999969
[15:31:37] [LOG] 135.999969
[15:31:37] [LOG] 127.999962
[15:31:37] [LOG] 119.999954
[15:31:37] [LOG] 111.999954
[15:31:37] [LOG] 103.999947
[15:31:37] [LOG] 95.999947
[15:31:37] [LOG] 87.999947
[15:31:37] [LOG] 79.999947
[15:31:37] [LOG] 71.999947
[15:31:37] [LOG] 63.999947
[15:31:37] [LOG] 55.999947
[15:31:37] [LOG] 47.999947
[15:31:37] [LOG] 39.999947
[15:31:37] [LOG] 31.999947
[15:31:37] [LOG] 23.999947
[15:31:37] [LOG] 15.999946
[15:31:37] [LOG] 7.999946
[15:31:37] [LOG] 200.000000
[15:31:37] [LOG] 192.000000
[15:31:37] [LOG] 183.999985
[15:31:37] [LOG] 175.999969
[15:31:37] [LOG] 167.999969
[15:31:37] [LOG] 159.999969
[15:31:37] [LOG] 151.999969
[15:31:37] [LOG] 143.999969
[15:31:37] [LOG] 135.999969
[15:31:37] [LOG] 127.999962
[15:31:37] [LOG] 119.999954
[15:31:37] [LOG] 111.999954
[15:31:37] [LOG] 103.999947
[15:31:38] [LOG] 95.999947
[15:31:38] [LOG] 87.999947
[15:31:38] [LOG] 79.999947
[15:31:38] [LOG] 71.999947
[15:31:38] [LOG] 63.999947
[15:31:38] [LOG] 55.999947
[15:31:38] [LOG] 47.999947
[15:31:38] [LOG] 39.999947
[15:31:38] [LOG] 31.999947
[15:31:38] [LOG] 23.999947
[15:31:39] [LOG] 15.999946
[15:31:42] [LOG] 7.999946
[15:31:42] [LOG] 200.000000
[15:31:42] [LOG] 192.000000
[15:31:42] [LOG] 183.999985
[15:35:07] [LOG] 200.000000
[15:35:07] [LOG] 0.000000
[15:35:07] [LOG] 8.000000
[15:35:07] [LOG] 16.000015
[15:35:08] [LOG] 24.000031
[15:35:08] [LOG] 32.000031
[15:35:08] [LOG] 40.000031
[15:35:08] [LOG] 48.000031
[15:35:08] [LOG] 56.000031
[15:35:08] [LOG] 64.000031
[15:35:08] [LOG] 72.000038
[15:35:08] [LOG] 80.000046
[15:35:08] [LOG] 88.000046
[15:35:08] [LOG] 96.000053
[15:35:08] [LOG] 104.000053
[15:35:08] [LOG] 112.000053
[15:35:08] [LOG] 120.000053
[15:35:08] [LOG] 128.000061
[15:35:08] [LOG] 136.000061
[15:35:08] [LOG] 144.000061
[15:35:09] [LOG] 152.000061
[15:35:09] [LOG] 160.000061
[15:35:09] [LOG] 168.000061
[15:35:09] [LOG] 176.000061
[15:35:09] [LOG] 184.000061
[15:35:10] [LOG] 192.000061
[15:35:10] [LOG] 0.000000
[15:35:10] [LOG] 8.000000
[15:35:10] [LOG] 16.000015
[15:35:10] [LOG] 24.000031
[15:35:10] [LOG] 32.000031
[15:35:10] [LOG] 40.000031
[15:35:10] [LOG] 48.000031
[15:35:10] [LOG] 56.000031
[15:35:10] [LOG] 64.000031
[15:35:10] [LOG] 72.000031
[15:35:11] [LOG] 80.000031
[15:35:11] [LOG] 88.000038
[15:35:11] [LOG] 96.000038
[15:35:11] [LOG] 104.000038
[15:35:11] [LOG] 112.000046
[15:35:11] [LOG] 120.000046
[15:35:11] [LOG] 128.000046
[15:35:11] [LOG] 136.000046
[15:35:11] [LOG] 144.000061
[15:35:11] [LOG] 152.000061
[12:20:30] [LOG] something
[12:20:32] [LOG] something
[12:20:33] [LOG] something
[12:20:34] [LOG] something
[12:20:36] [LOG] something
[12:47:27] [LOG] -654.999695, -9975.500000, 0.000000
[12:47:35] [LOG] -94.993301, -9803.128906, 0.000000
[12:47:38] [LOG] -69.992172, -9818.754883, 0.000000
[12:47:39] [LOG] -30.013317, -9843.741211, 0.000000
[12:47:40] [LOG] 14.993435, -9871.871094, 0.000000
[12:47:41] [LOG] -0.006385, -9862.496094, 0.000000
[12:47:53] [LOG] -0.006385, -9862.496094, 0.000000
[12:50:50] [LOG] -580.013123, -9968.000977, 0.000000
[12:50:51] [LOG] -390.019409, -9945.009766, 0.000000
[12:50:52] [LOG] -274.971405, -9887.485352, 0.000000
[12:50:53] [LOG] -5.020098, -9859.362305, 0.000000
[12:50:53] [LOG] -5.020098, -9859.362305, 0.000000
[12:50:53] [LOG] -5.020098, -9859.362305, 0.000000
[12:50:54] [LOG] -5.020098, -9859.362305, 0.000000
[12:50:54] [LOG] -5.020098, -9859.362305, 0.000000
[12:52:19] [LOG] -560.007629, -9966.000977, 0.000000
[12:52:22] [LOG] -220.016006, -9860.007813, 0.000000
[12:52:22] [LOG] 4.998213, -9865.624023, 0.000000
[12:52:23] [LOG] 139.997574, -9949.998047, 0.000000
[12:52:24] [LOG] 334.986328, -10050.000000, 0.000000
[12:52:25] [LOG] 205.005615, -9990.628906, 0.000000
[12:52:25] [LOG] 85.008430, -9915.629883, 0.000000
[12:52:25] [LOG] -29.981674, -9843.761719, 0.000000
[12:52:26] [LOG] -155.022278, -9827.510742, 0.000000
[12:52:27] [LOG] -155.022278, -9827.510742, 0.000000
[12:52:28] [LOG] -155.022278, -9827.510742, 0.000000
[12:52:28] [LOG] -155.022278, -9827.510742, 0.000000
[12:52:28] [LOG] -155.022278, -9827.510742, 0.000000
[12:52:29] [LOG] -155.022278, -9827.510742, 0.000000
[12:53:38] [LOG] 0.000000, 0.000000, 0.000000
[12:53:39] [LOG] 0.000000, 0.000000, 0.000000
[12:53:40] [LOG] 0.000000, 0.000000, 0.000000
[12:53:41] [LOG] 0.000000, 0.000000, 0.000000
[12:53:42] [LOG] 0.000000, 0.000000, 0.000000
[12:53:42] [LOG] 0.000000, 0.000000, 0.000000
[12:53:42] [LOG] 0.000000, 0.000000, 0.000000
[12:53:43] [LOG] 0.000000, 0.000000, 0.000000
[12:53:43] [LOG] 0.000000, 0.000000, 0.000000
[12:53:43] [LOG] 0.000000, 0.000000, 0.000000
[12:53:44] [LOG] 0.000000, 0.000000, 0.000000
[12:53:44] [LOG] 0.000000, 0.000000, 0.000000
[12:53:44] [LOG] 0.000000, 0.000000, 0.000000
[12:53:44] [LOG] 0.000000, 0.000000, 0.000000
[12:55:03] [LOG] 0.000000, 0.000000, 0.000000
[12:55:04] [LOG] 0.000000, 0.000000, 0.000000
[12:55:05] [LOG] 0.000000, 0.000000, 0.000000
[12:55:05] [LOG] 0.000000, 0.000000, 0.000000
[12:55:06] [LOG] 0.000000, 0.000000, 0.000000
[12:55:06] [LOG] 0.000000, 0.000000, 0.000000
[12:55:06] [LOG] 0.000000, 0.000000, 0.000000
[12:55:07] [LOG] 0.000000, 0.000000, 0.000000
[12:55:07] [LOG] 0.000000, 0.000000, 0.000000
[12:55:07] [LOG] 0.000000, 0.000000, 0.000000
[12:55:08] [LOG] 0.000000, 0.000000, 0.000000
[12:55:08] [LOG] 0.000000, 0.000000, 0.000000
[12:55:08] [LOG] 0.000000, 0.000000, 0.000000
[12:55:08] [LOG] 0.000000, 0.000000, 0.000000
[12:55:09] [LOG] 0.000000, 0.000000, 0.000000
[12:55:09] [LOG] 0.000000, 0.000000, 0.000000
[12:55:09] [LOG] 0.000000, 0.000000, 0.000000
[12:55:10] [LOG] 0.000000, 0.000000, 0.000000
[12:55:10] [LOG] 0.000000, 0.000000, 0.000000
[12:55:10] [LOG] 0.000000, 0.000000, 0.000000
[12:55:11] [LOG] 0.000000, 0.000000, 0.000000
[12:55:11] [LOG] 0.000000, 0.000000, 0.000000
[12:55:11] [LOG] 0.000000, 0.000000, 0.000000
[12:55:12] [LOG] 0.000000, 0.000000, 0.000000
[12:55:12] [LOG] 0.000000, 0.000000, 0.000000
[12:55:12] [LOG] 0.000000, 0.000000, 0.000000
[12:55:12] [LOG] 0.000000, 0.000000, 0.000000
[12:55:13] [LOG] 0.000000, 0.000000, 0.000000
[12:55:13] [LOG] 0.000000, 0.000000, 0.000000
[12:55:29] [LOG] 0.000000, 0.000000, 0.000000
[12:55:30] [LOG] 0.000000, 0.000000, 0.000000
[12:55:30] [LOG] 0.000000, 0.000000, 0.000000
[12:55:31] [LOG] 0.000000, 0.000000, 0.000000
[12:55:31] [LOG] 0.000000, 0.000000, 0.000000
[12:55:31] [LOG] 0.000000, 0.000000, 0.000000
[12:55:32] [LOG] 0.000000, 0.000000, 0.000000
[12:55:32] [LOG] 0.000000, 0.000000, 0.000000
[12:55:32] [LOG] 0.000000, 0.000000, 0.000000
[12:55:32] [LOG] 0.000000, 0.000000, 0.000000
[12:55:32] [LOG] 0.000000, 0.000000, 0.000000
[12:55:33] [LOG] 0.000000, 0.000000, 0.000000
[12:55:33] [LOG] 0.000000, 0.000000, 0.000000
[12:55:33] [LOG] 0.000000, 0.000000, 0.000000
[12:55:33] [LOG] 0.000000, 0.000000, 0.000000
[12:55:33] [LOG] 0.000000, 0.000000, 0.000000
[12:55:49] [LOG] 0.000000, 0.000000, 0.000000
[12:58:43] [LOG] 0.000000, 0.000000, 0.000000
[12:58:44] [LOG] 0.000000, 0.000000, 0.000000
[12:58:45] [LOG] 0.000000, 0.000000, 0.000000
[12:58:45] [LOG] 0.000000, 0.000000, 0.000000
[12:58:45] [LOG] 0.000000, 0.000000, 0.000000
[12:58:45] [LOG] 0.000000, 0.000000, 0.000000
[12:58:46] [LOG] 0.000000, 0.000000, 0.000000
[12:58:46] [LOG] 0.000000, 0.000000, 0.000000
[12:58:46] [LOG] 0.000000, 0.000000, 0.000000
[12:58:46] [LOG] 0.000000, 0.000000, 0.000000
[12:58:47] [LOG] 0.000000, 0.000000, 0.000000
[12:58:47] [LOG] 0.000000, 0.000000, 0.000000
[12:58:47] [LOG] 0.000000, 0.000000, 0.000000
[12:58:48] [LOG] 0.000000, 0.000000, 0.000000
[12:58:48] [LOG] 0.000000, 0.000000, 0.000000
[12:58:48] [LOG] 0.000000, 0.000000, 0.000000
[12:58:49] [LOG] 0.000000, 0.000000, 0.000000
[12:58:49] [LOG] 0.000000, 0.000000, 0.000000
[12:58:50] [LOG] 0.000000, 0.000000, 0.000000
[12:58:51] [LOG] 0.000000, 0.000000, 0.000000
[12:58:51] [LOG] 0.000000, 0.000000, 0.000000
[12:58:51] [LOG] 0.000000, 0.000000, 0.000000
[12:58:52] [LOG] 0.000000, 0.000000, 0.000000
[12:58:52] [LOG] 0.000000, 0.000000, 0.000000
[12:59:47] [LOG] -520.591492, -279.133179, 0.000000
[12:59:47] [LOG] something
[12:59:49] [LOG] 0.000000, 0.000000, 0.000000
[12:59:51] [LOG] 0.000000, 0.000000, 0.000000
[12:59:51] [LOG] 0.000000, 0.000000, 0.000000
[13:00:00] [LOG] -550.032288, -300.723083, 0.000000
[13:00:00] [LOG] something
[13:01:29] [LOG] -790.011841, -447.927032, 0.000000
[13:01:29] [LOG] something
[13:02:34] [LOG] -629.996826, -359.363800, 0.000000
[13:02:34] [LOG] something
[13:04:13] [LOG] something
[13:04:23] [LOG] something
[13:04:27] [LOG] something
[13:05:16] [LOG] something
[13:06:24] [LOG] something
[13:06:27] [LOG] something
[13:06:28] [LOG] something
[13:06:28] [LOG] something
[13:06:29] [LOG] something
[13:06:30] [LOG] something
[13:06:32] [LOG] something
[13:06:34] [LOG] something
[13:06:34] [LOG] something
[13:06:35] [LOG] something
[13:06:36] [LOG] something
[13:22:27] [LOG] something
[13:22:28] [LOG] something
[13:22:29] [LOG] something
[13:22:29] [LOG] something
[13:22:30] [LOG] something
[13:22:31] [LOG] something
[13:22:31] [LOG] something
[13:22:31] [LOG] something
[13:22:32] [LOG] something
[13:22:32] [LOG] something
[13:22:34] [LOG] something
[13:22:34] [LOG] something
[13:23:36] [LOG] something
[13:23:36] [LOG] something
[13:23:37] [LOG] something
[13:23:37] [LOG] something
[13:23:44] [LOG] something
[13:23:44] [LOG] something
[13:23:44] [LOG] something
[13:23:44] [LOG] something
[13:23:45] [LOG] something
[13:23:45] [LOG] something
[13:23:45] [LOG] something
[13:23:45] [LOG] something
[13:23:45] [LOG] something
[13:23:45] [LOG] something
[13:23:46] [LOG] something
[13:23:46] [LOG] something
[13:23:47] [LOG] something
[13:23:47] [LOG] something
[13:23:48] [LOG] something
[13:23:48] [LOG] something
[13:23:48] [LOG] something
[13:23:48] [LOG] something
[13:23:48] [LOG] something
[13:23:54] [LOG] something
[13:23:58] [LOG] something
Listing all commands:
Camera.Create
Camera.Delete
Camera.Get
Camera.GetID
Camera.GetName
Camera.GetParent
Camera.GetPosition
Camera.GetRotation
Camera.GetZoom
Camera.SetFrustum
Camera.SetParent
Camera.SetPosition
Camera.SetRotation
Camera.SetZoom
Clock.SetFrequency
Clock.SetModifier
Command.Add
Command.AddAlias
Command.And
Command.AreEqual
Command.Clamp
Command.Compare
Command.CRC
Command.Divide
Command.Evaluate
Command.EvaluateIf
Command.Exit
Command.GetApplicationSaveDirectory
Command.GetClipboard
Command.GetHomeDirectory
Command.GetStringFromID
Command.GetStringID
Command.Help
Command.If
Command.IsGreater
Command.IsLesser
Command.ListAliases
Command.ListCommands
Command.LogAllStructures
Command.Maximum
Command.Minimum
Command.Multiply
Command.Normalize
Command.Not
Command.Or
Command.RemoveAlias
Command.Repeat
Command.Return
Command.SetClipboard
Command.Subtract
Command.ToCartesian
Command.ToSpherical
Command.VectorX
Command.VectorY
Command.VectorZ
Command.Version
Command.XOr
Config.AppendValue
Config.ClearSection
Config.ClearValue
Config.CreateSection
Config.GetCurrentSection
Config.GetListCount
Config.GetOrigin
Config.GetParent
Config.GetRawValue
Config.GetValue
Config.HasSection
Config.HasValue
Config.Load
Config.Reload
Config.Save
Config.SetParent
Config.SetValue
Console.Echo
Console.Enable
Console.Log
Console.SetColor
Input.EnableSet
Input.GetCurrentSet
Input.GetValue
Input.HasNewStatus
Input.IsActive
Input.IsSetEnabled
Input.ResetValue
Input.SelectSet
Input.SetValue
Locale.GetCurrentLanguage
Locale.GetString
Locale.SelectLanguage
Locale.SetString
Mouse.GetPosition
Mouse.SetCursor
Mouse.SetPosition
Mouse.ShowCursor
Object.AddFX
Object.AddShader
Object.AddSound
Object.AddTrack
Object.Attach
Object.Create
Object.Delete
Object.Detach
Object.Enable
Object.FindNext
Object.GetAlpha
Object.GetAngularVelocity
Object.GetAnim
Object.GetAnimFrequency
Object.GetChild
Object.GetClock
Object.GetColor
Object.GetCount
Object.GetCustomGravity
Object.GetGroup
Object.GetHSL
Object.GetHSV
Object.GetID
Object.GetLifeTime
Object.GetMass
Object.GetMassCenter
Object.GetName
Object.GetOrigin
Object.GetOwnedChild
Object.GetOwnedSibling
Object.GetOwner
Object.GetParent
Object.GetPivot
Object.GetPosition
Object.GetRepeat
Object.GetRGB
Object.GetRotation
Object.GetScale
Object.GetSibling
Object.GetSize
Object.GetSpeed
Object.GetText
Object.IsEnabled
Object.IsPaused
Object.LogParents
Object.Pause
Object.Play
Object.RemoveFX
Object.RemoveShader
Object.RemoveSound
Object.RemoveTrack
Object.SetAlpha
Object.SetAngularVelocity
Object.SetAnim
Object.SetAnimFrequency
Object.SetClock
Object.SetColor
Object.SetCustomGravity
Object.SetGroup
Object.SetHSL
Object.SetHSV
Object.SetLifeTime
Object.SetOrigin
Object.SetOwner
Object.SetParent
Object.SetPitch
Object.SetPivot
Object.SetPosition
Object.SetRepeat
Object.SetRGB
Object.SetRotation
Object.SetScale
Object.SetSize
Object.SetSpeed
Object.SetText
Object.SetVolume
Object.Stop
Render.GetScreenPosition
Render.GetWorldPosition
Resource.AddStorage
Resource.GetPath
Resource.GetTotalPendingOpCount
Resource.Locate
Resource.ReloadStorage
Resource.RemoveStorage
Screenshot.Capture
Sound.GetBusChild
Sound.GetBusParent
Sound.GetBusPitch
Sound.GetBusSibling
Sound.GetBusVolume
Sound.SetBusParent
Sound.SetBusPitch
Sound.SetBusVolume
Texture.Create
Texture.Delete
Texture.Find
Texture.GetLoadCount
Texture.GetName
Texture.GetSize
Texture.Save
Viewport.AddShader
Viewport.Create
Viewport.Delete
Viewport.Enable
Viewport.EnableShader
Viewport.Get
Viewport.GetCamera
Viewport.GetID
Viewport.GetName
Viewport.GetPosition
Viewport.GetRelativeSize
Viewport.GetSize
Viewport.IsEnabled
Viewport.IsShaderEnabled
Viewport.RemoveShader
Viewport.SetBlendMode
Viewport.SetCamera
Viewport.SetPosition
Viewport.SetRelativePosition
Viewport.SetRelativeSize
Viewport.SetSize
[15:46:29] [LOG] b
[15:46:30] [LOG] b
[15:46:37] [LOG] b
[15:46:37] [LOG] b
[15:46:37] [LOG] b
[15:46:37] [LOG] b
[15:46:38] [LOG] b
[15:46:38] [LOG] b
[15:46:38] [LOG] b
[16:17:16] [LOG] something
[16:39:03] [LOG] 1
[16:39:48] [LOG] 1
[16:42:34] [LOG] 1
[16:44:19] [LOG] 1
[17:01:10] [LOG] O-ProjectileEnemy
[17:01:10] [LOG] O-ProjectileEnemy
[17:01:10] [LOG] O-ProjectileEnemy
[17:01:10] [LOG] O-ProjectileEnemy
[17:01:10] [LOG] O-ProjectileEnemy
[17:01:10] [LOG] O-ProjectileEnemy
[17:01:10] [LOG] O-ProjectileEnemy
[17:01:10] [LOG] O-ProjectileEnemy
[17:01:10] [LOG] O-ProjectileEnemy
[17:01:10] [LOG] O-ProjectileEnemy
[17:01:10] [LOG] O-ProjectileEnemy
[17:01:10] [LOG] O-ProjectileEnemy
[17:01:10] [LOG] O-ProjectileEnemy
[17:01:11] [LOG] O-ProjectileEnemy
[17:01:11] [LOG] O-ProjectileEnemy
[17:01:11] [LOG] O-ProjectileEnemy
[17:01:11] [LOG] O-ProjectileEnemy
[17:01:11] [LOG] O-ProjectileEnemy
[17:01:11] [LOG] O-ProjectileEnemy
[17:01:11] [LOG] O-ProjectileEnemy
[17:01:11] [LOG] O-ProjectileEnemy
[17:01:11] [LOG] O-ProjectileEnemy
[17:01:11] [LOG] O-ProjectileEnemy
[17:01:11] [LOG] O-ProjectileEnemy
[17:01:11] [LOG] O-ProjectileEnemy
[17:01:11] [LOG] O-ProjectileEnemy
[17:01:11] [LOG] O-ProjectileEnemy
[15:16:22] [LOG] core
[17:11:54] [LOG] v
[17:11:54] [LOG] v
[17:11:54] [LOG] v
[17:12:36] [LOG] 375.000000, -75.000000, -0.200000
[17:12:36] [LOG] -195.000000, 285.000000, -0.200000
[17:12:36] [LOG] 375.000000, -45.000000, -0.200000
[17:12:45] [LOG] 375.000000, -75.000000, -0.200000
[17:12:45] [LOG] -195.000000, 285.000000, -0.200000
[17:12:45] [LOG] 375.000000, -45.000000, -0.200000
[17:13:51] [LOG] 375.000000, -75.000000, -0.200000
[17:13:51] [LOG] -195.000000, 285.000000, -0.200000
[17:13:51] [LOG] 375.000000, -45.000000, -0.200000
[17:14:48] [LOG] 375.000000, -75.000000, -0.200000
[17:14:48] [LOG] -195.000000, 285.000000, -0.200000
[17:14:48] [LOG] 375.000000, -45.000000, -0.200000
[17:15:00] [LOG] -195.000000, 285.000000, -0.200000
[17:15:13] [LOG] 375.000000, -45.000000, -0.200000
[17:15:14] [LOG] 375.000000, -75.000000, -0.200000
[17:15:22] [LOG] -195.000000, 285.000000, -0.200000
[11:51:43] [LOG] something
[11:51:43] [LOG] something
[11:51:43] [LOG] something
[11:51:43] [LOG] something
[11:51:43] [LOG] something
[11:51:43] [LOG] something
[11:51:43] [LOG] something
[11:51:43] [LOG] something
[11:51:43] [LOG] something
[11:51:43] [LOG] something
[11:51:43] [LOG] something
[11:51:43] [LOG] something
[11:51:43] [LOG] something
[11:51:43] [LOG] something
[11:51:43] [LOG] something
[11:51:43] [LOG] something
[11:51:43] [LOG] something
[11:51:43] [LOG] something
[11:51:43] [LOG] something
[11:51:43] [LOG] something
[11:51:43] [LOG] something
[11:51:43] [LOG] something
[11:51:43] [LOG] something
[11:51:43] [LOG] something
[11:51:43] [LOG] something
[11:51:43] [LOG] something
[11:51:43] [LOG] something
[11:51:43] [LOG] something
[11:51:43] [LOG] something
[11:51:43] [LOG] something
[11:51:43] [LOG] something
[11:51:43] [LOG] something
[11:51:43] [LOG] something
[11:51:43] [LOG] something
[11:51:43] [LOG] something
[11:51:43] [LOG] something
[11:51:43] [LOG] something
[11:51:43] [LOG] something
[11:51:43] [LOG] something
[11:51:43] [LOG] something
[11:51:43] [LOG] something
[11:51:44] [LOG] something
[11:51:44] [LOG] something
[11:51:44] [LOG] something
[11:51:44] [LOG] something
[11:51:44] [LOG] something
[11:51:44] [LOG] something
[11:51:44] [LOG] something
[11:51:44] [LOG] something
[11:51:44] [LOG] something
[11:51:44] [LOG] something
[11:51:44] [LOG] something
[11:51:44] [LOG] something
[11:51:44] [LOG] something
[11:51:44] [LOG] something
[11:51:44] [LOG] something
[11:51:44] [LOG] something
[11:51:44] [LOG] something
[11:51:44] [LOG] something
[11:51:44] [LOG] something
[11:51:44] [LOG] something
[11:51:44] [LOG] something
[11:51:44] [LOG] something
[11:51:44] [LOG] something
[11:51:44] [LOG] something
[11:51:44] [LOG] something
[11:51:44] [LOG] something
[11:51:44] [LOG] something
[11:51:44] [LOG] something
[11:51:44] [LOG] something
[11:51:44] [LOG] something
[11:51:44] [LOG] something
[11:51:44] [LOG] something
[11:51:44] [LOG] something
[11:51:44] [LOG] something
[11:51:44] [LOG] something
[11:51:44] [LOG] something
[11:51:44] [LOG] something
[11:51:44] [LOG] something
[11:51:44] [LOG] something
[11:51:44] [LOG] something
[11:51:44] [LOG] something
[11:51:44] [LOG] something
[11:51:44] [LOG] something
[11:51:44] [LOG] something
[11:51:44] [LOG] something
[11:51:44] [LOG] something
[11:51:44] [LOG] something
[11:51:44] [LOG] something
[11:51:44] [LOG] something
[11:51:44] [LOG] something
[11:51:44] [LOG] something
[11:51:44] [LOG] something
[11:51:44] [LOG] something
[11:51:44] [LOG] something
[11:51:44] [LOG] something
[11:51:44] [LOG] something
[11:51:44] [LOG] something
[14:54:38] [LOG] O-CircuitTest2
[14:55:19] [LOG] O-LevelStart
[14:55:19] [LOG] O-CircuitTest1
[14:55:19] [LOG] O-CircuitTest2
[14:55:19] [LOG] O-CircuitTest3
[14:55:19] [LOG] O-BossTest
[14:55:19] [LOG] O-Player
[14:56:56] [LOG] O-LevelStart
[14:56:56] [LOG] O-CircuitTest1
[14:56:56] [LOG] O-CircuitTest2
[14:56:56] [LOG] O-CircuitTest3
[14:56:56] [LOG] O-BossTest
[14:56:56] [LOG] O-Player
[14:57:37] [LOG] O-CircuitTest1
[14:57:37] [LOG] O-CircuitTest2
[14:57:37] [LOG] O-CircuitTest3
[14:57:37] [LOG] O-BossTest
[14:57:37] [LOG] O-LevelStart
[14:57:37] [LOG] O-Player
[14:57:45] [LOG] O-CircuitTest1
[14:57:45] [LOG] O-CircuitTest2
[14:57:45] [LOG] O-CircuitTest3
[14:57:45] [LOG] O-BossTest
[14:57:53] [LOG] O-CircuitTest1
[14:57:53] [LOG] O-CircuitTest2
[14:57:53] [LOG] O-CircuitTest3
[14:57:53] [LOG] O-BossTest
[15:00:59] [LOG] O-LevelStart
[15:00:59] [LOG] O-CircuitTest1
[15:00:59] [LOG] O-CircuitTest2
[15:00:59] [LOG] O-CircuitTest3
[15:00:59] [LOG] O-BossTest
[15:00:59] [LOG] O-Player
[15:01:06] [LOG] O-LevelStart
[15:01:06] [LOG] O-CircuitTest1
[15:01:06] [LOG] O-CircuitTest2
[15:01:06] [LOG] O-CircuitTest3
[15:01:06] [LOG] O-BossTest
[15:01:06] [LOG] O-Player
[15:01:16] [LOG] O-LevelStart
[15:01:16] [LOG] O-CircuitTest1
[15:01:16] [LOG] O-CircuitTest2
[15:01:16] [LOG] O-CircuitTest3
[15:01:16] [LOG] O-BossTest
[15:01:16] [LOG] O-Player
[15:01:23] [LOG] O-LevelStart
[15:01:23] [LOG] O-CircuitTest1
[15:01:23] [LOG] O-CircuitTest2
[15:01:23] [LOG] O-CircuitTest3
[15:01:23] [LOG] O-BossTest
[15:01:23] [LOG] O-Player
[15:43:08] [LOG] something
[15:43:16] [LOG] something
[15:45:53] [LOG] something
[15:59:26] [LOG] something
[15:59:26] [LOG] something
[15:59:26] [LOG] something
[15:59:26] [LOG] something
[15:59:26] [LOG] something
[15:59:26] [LOG] something
[15:59:26] [LOG] something
[15:59:26] [LOG] something
[15:59:26] [LOG] something
[15:59:26] [LOG] something
[15:59:26] [LOG] something
[15:59:26] [LOG] something
[15:59:26] [LOG] something
[15:59:26] [LOG] something
[15:59:26] [LOG] something
[15:59:26] [LOG] something
[15:59:26] [LOG] something
[15:59:26] [LOG] something
[15:59:26] [LOG] something
[15:59:26] [LOG] something
[15:59:26] [LOG] something
[15:59:26] [LOG] something
[15:59:26] [LOG] something
[15:59:27] [LOG] something
[15:59:27] [LOG] something
[15:59:27] [LOG] something
[15:59:27] [LOG] something
[15:59:27] [LOG] something
[15:59:27] [LOG] something
[15:59:27] [LOG] something
[15:59:27] [LOG] something
[15:59:27] [LOG] something
[15:59:27] [LOG] something
[15:59:27] [LOG] something
[15:59:27] [LOG] something
[15:59:27] [LOG] something
[15:59:27] [LOG] something
[15:59:27] [LOG] something
[15:59:27] [LOG] something
[15:59:27] [LOG] something
[15:59:27] [LOG] something
[15:59:27] [LOG] something
[15:59:27] [LOG] something
[15:59:27] [LOG] something
[15:59:27] [LOG] something
[15:59:27] [LOG] something
[15:59:27] [LOG] something
[15:59:27] [LOG] something
[15:59:27] [LOG] something
[15:59:27] [LOG] something
[15:59:27] [LOG] something
[15:59:27] [LOG] something
[15:59:27] [LOG] something
[15:59:27] [LOG] something
[15:59:27] [LOG] something
[15:59:27] [LOG] something
[15:59:27] [LOG] something
[15:59:27] [LOG] something
[15:59:27] [LOG] something
[15:59:27] [LOG] something
[15:59:27] [LOG] something
[15:59:27] [LOG] something
[15:59:27] [LOG] something
[15:59:27] [LOG] something
[15:59:27] [LOG] something
[15:59:27] [LOG] something
[15:59:27] [LOG] something
[15:59:27] [LOG] something
[15:59:27] [LOG] something
[15:59:27] [LOG] something
[15:59:27] [LOG] something
[15:59:27] [LOG] something
[15:59:27] [LOG] something
[15:59:27] [LOG] something
[15:59:27] [LOG] something
[15:59:27] [LOG] something
[15:59:27] [LOG] something
[15:59:27] [LOG] something
[15:59:27] [LOG] something
[15:59:27] [LOG] something
[15:59:27] [LOG] something
[15:59:27] [LOG] something
[15:59:27] [LOG] something
[15:59:28] [LOG] something
[15:59:28] [LOG] something
[15:59:28] [LOG] something
[15:59:28] [LOG] something
[15:59:28] [LOG] something
[15:59:28] [LOG] something
[15:59:28] [LOG] something
[15:59:28] [LOG] something
[15:59:28] [LOG] something
[15:59:28] [LOG] something
[15:59:28] [LOG] something
[15:59:28] [LOG] something
[15:59:28] [LOG] something
[15:59:28] [LOG] something
[15:59:28] [LOG] something
[15:59:28] [LOG] something
[15:59:28] [LOG] something
[15:59:28] [LOG] something
[15:59:28] [LOG] something
[15:59:28] [LOG] something
[15:59:28] [LOG] something
[15:59:28] [LOG] something
[15:59:28] [LOG] something
[15:59:28] [LOG] something
[15:59:28] [LOG] something
[15:59:28] [LOG] something
[15:59:28] [LOG] something
[15:59:28] [LOG] something
[15:59:28] [LOG] something
[15:59:28] [LOG] something
[15:59:28] [LOG] something
[15:59:28] [LOG] something
[15:59:28] [LOG] something
[15:59:28] [LOG] something
[15:59:28] [LOG] something
[15:59:28] [LOG] something
[15:59:28] [LOG] something
[15:59:28] [LOG] something
[15:59:28] [LOG] something
[15:59:28] [LOG] something
[15:59:28] [LOG] something
[15:59:28] [LOG] something
[15:59:28] [LOG] something
[15:59:28] [LOG] something
[15:59:28] [LOG] something
[15:59:28] [LOG] something
[15:59:28] [LOG] something
[15:59:28] [LOG] something
[15:59:28] [LOG] something
[15:59:28] [LOG] something
[15:59:28] [LOG] something
[15:59:28] [LOG] something
[15:59:28] [LOG] something
[15:59:28] [LOG] something
[15:59:28] [LOG] something
[15:59:28] [LOG] something
[15:59:28] [LOG] something
[15:59:28] [LOG] something
[15:59:28] [LOG] something
[15:59:28] [LOG] something
[15:59:29] [LOG] something
[15:59:29] [LOG] something
[15:59:29] [LOG] something
[15:59:29] [LOG] something
[15:59:29] [LOG] something
[15:59:29] [LOG] something
[15:59:29] [LOG] something
[15:59:29] [LOG] something
[15:59:29] [LOG] something
[15:59:29] [LOG] something
[15:59:29] [LOG] something
[15:59:29] [LOG] something
[15:59:29] [LOG] something
[15:59:29] [LOG] something
[15:59:29] [LOG] something
[15:59:29] [LOG] something
[15:59:29] [LOG] something
[15:59:29] [LOG] something
[15:59:29] [LOG] something
[15:59:29] [LOG] something
[15:59:29] [LOG] something
[15:59:29] [LOG] something
[15:59:29] [LOG] something
[15:59:29] [LOG] something
[15:59:29] [LOG] something
[15:59:29] [LOG] something
[15:59:29] [LOG] something
[15:59:29] [LOG] something
[15:59:29] [LOG] something
[15:59:29] [LOG] something
[15:59:29] [LOG] something
[15:59:29] [LOG] something
[15:59:29] [LOG] something
[15:59:29] [LOG] something
[15:59:29] [LOG] something
[15:59:29] [LOG] something
[15:59:29] [LOG] something
[15:59:29] [LOG] something
[15:59:29] [LOG] something
[15:59:29] [LOG] something
[15:59:29] [LOG] something
[15:59:29] [LOG] something
[15:59:29] [LOG] something
[15:59:29] [LOG] something
[15:59:29] [LOG] something
[15:59:29] [LOG] something
[15:59:29] [LOG] something
[15:59:29] [LOG] something
[15:59:29] [LOG] something
[15:59:29] [LOG] something
[15:59:29] [LOG] something
[15:59:29] [LOG] something
[15:59:29] [LOG] something
[15:59:29] [LOG] something
[15:59:29] [LOG] something
[15:59:29] [LOG] something
[15:59:29] [LOG] something
[15:59:29] [LOG] something
[15:59:29] [LOG] something
[15:59:29] [LOG] something
[15:59:30] [LOG] something
[15:59:30] [LOG] something
[15:59:30] [LOG] something
[15:59:30] [LOG] something
[15:59:30] [LOG] something
[15:59:30] [LOG] something
[15:59:30] [LOG] something
[15:59:30] [LOG] something
[15:59:30] [LOG] something
[15:59:30] [LOG] something
[15:59:30] [LOG] something
[15:59:30] [LOG] something
[15:59:30] [LOG] something
[15:59:30] [LOG] something
[15:59:30] [LOG] something
[15:59:30] [LOG] something
[15:59:30] [LOG] something
[15:59:30] [LOG] something
[15:59:30] [LOG] something
[15:59:30] [LOG] something
[15:59:30] [LOG] something
[15:59:30] [LOG] something
[15:59:30] [LOG] something
[15:59:30] [LOG] something
[15:59:30] [LOG] something
[15:59:30] [LOG] something
[15:59:30] [LOG] something
[15:59:30] [LOG] something
[15:59:30] [LOG] something
[15:59:30] [LOG] something
[15:59:30] [LOG] something
[15:59:30] [LOG] something
[15:59:30] [LOG] something
[15:59:30] [LOG] something
[15:59:30] [LOG] something
[15:59:30] [LOG] something
[15:59:30] [LOG] something
[15:59:30] [LOG] something
[15:59:30] [LOG] something
[15:59:30] [LOG] something
[15:59:30] [LOG] something
[15:59:30] [LOG] something
[15:59:30] [LOG] something
[15:59:30] [LOG] something
[15:59:30] [LOG] something
[15:59:30] [LOG] something
[15:59:30] [LOG] something
[15:59:30] [LOG] something
[15:59:30] [LOG] something
[15:59:30] [LOG] something
[15:59:30] [LOG] something
[15:59:30] [LOG] something
[15:59:30] [LOG] something
[15:59:30] [LOG] something
[15:59:30] [LOG] something
[15:59:30] [LOG] something
[15:59:30] [LOG] something
[15:59:30] [LOG] something
[15:59:30] [LOG] something
[15:59:30] [LOG] something
[15:59:31] [LOG] something
[15:59:31] [LOG] something
[15:59:31] [LOG] something
[15:59:31] [LOG] something
[15:59:31] [LOG] something
[15:59:31] [LOG] something
[15:59:31] [LOG] something
[15:59:31] [LOG] something
[15:59:31] [LOG] something
[15:59:31] [LOG] something
[15:59:31] [LOG] something
[15:59:31] [LOG] something
[15:59:31] [LOG] something
[15:59:31] [LOG] something
[15:59:31] [LOG] something
[15:59:31] [LOG] something
[15:59:31] [LOG] something
[15:59:31] [LOG] something
[15:59:31] [LOG] something
[15:59:31] [LOG] something
[15:59:31] [LOG] something
[15:59:31] [LOG] something
[15:59:31] [LOG] something
[15:59:31] [LOG] something
[15:59:31] [LOG] something
[15:59:31] [LOG] something
[15:59:31] [LOG] something
[15:59:31] [LOG] something
[15:59:31] [LOG] something
[15:59:31] [LOG] something
[15:59:31] [LOG] something
[15:59:31] [LOG] something
[15:59:31] [LOG] something
[15:59:31] [LOG] something
[15:59:31] [LOG] something
[15:59:31] [LOG] something
[15:59:31] [LOG] something
[15:59:31] [LOG] something
[15:59:31] [LOG] something
[15:59:31] [LOG] something
[15:59:31] [LOG] something
[15:59:31] [LOG] something
[15:59:31] [LOG] something
[15:59:31] [LOG] something
[15:59:31] [LOG] something
[15:59:31] [LOG] something
[15:59:31] [LOG] something
[15:59:31] [LOG] something
[15:59:31] [LOG] something
[15:59:31] [LOG] something
[15:59:31] [LOG] something
[15:59:31] [LOG] something
[15:59:31] [LOG] something
[15:59:31] [LOG] something
[15:59:31] [LOG] something
[15:59:31] [LOG] something
[15:59:31] [LOG] something
[15:59:31] [LOG] something
[15:59:31] [LOG] something
[15:59:31] [LOG] something
[15:59:32] [LOG] something
[15:59:32] [LOG] something
[15:59:32] [LOG] something
[15:59:32] [LOG] something
[15:59:32] [LOG] something
[15:59:32] [LOG] something
[15:59:32] [LOG] something
[15:59:32] [LOG] something
[15:59:32] [LOG] something
[15:59:32] [LOG] something
[15:59:32] [LOG] something
[15:59:32] [LOG] something
[15:59:32] [LOG] something
[15:59:32] [LOG] something
[15:59:32] [LOG] something
[15:59:32] [LOG] something
[15:59:32] [LOG] something
[15:59:32] [LOG] something
[15:59:32] [LOG] something
[15:59:32] [LOG] something
[15:59:32] [LOG] something
[15:59:32] [LOG] something
[15:59:32] [LOG] something
[15:59:32] [LOG] something
[15:59:32] [LOG] something
[15:59:32] [LOG] something
[15:59:32] [LOG] something
[15:59:32] [LOG] something
[15:59:32] [LOG] something
[15:59:32] [LOG] something
[15:59:32] [LOG] something
[15:59:32] [LOG] something
[15:59:32] [LOG] something
[15:59:32] [LOG] something
[15:59:32] [LOG] something
[15:59:32] [LOG] something
[15:59:32] [LOG] something
[15:59:32] [LOG] something
[15:59:32] [LOG] something
[15:59:32] [LOG] something
[15:59:32] [LOG] something
[15:59:32] [LOG] something
[15:59:32] [LOG] something
[15:59:32] [LOG] something
[15:59:32] [LOG] something
[15:59:32] [LOG] something
[15:59:32] [LOG] something
[15:59:32] [LOG] something
[15:59:32] [LOG] something
[15:59:32] [LOG] something
[15:59:32] [LOG] something
[15:59:32] [LOG] something
[15:59:32] [LOG] something
[15:59:32] [LOG] something
[15:59:32] [LOG] something
[15:59:32] [LOG] something
[15:59:32] [LOG] something
[15:59:32] [LOG] something
[15:59:32] [LOG] something
[15:59:32] [LOG] something
[15:59:33] [LOG] something
[15:59:33] [LOG] something
[15:59:33] [LOG] something
[15:59:33] [LOG] something
[15:59:33] [LOG] something
[15:59:33] [LOG] something
[15:59:33] [LOG] something
[15:59:33] [LOG] something
[15:59:33] [LOG] something
[15:59:33] [LOG] something
[15:59:33] [LOG] something
[15:59:33] [LOG] something
[15:59:33] [LOG] something
[15:59:33] [LOG] something
[15:59:33] [LOG] something
[15:59:33] [LOG] something
[15:59:33] [LOG] something
[15:59:33] [LOG] something
[15:59:33] [LOG] something
[15:59:33] [LOG] something
[15:59:33] [LOG] something
[15:59:33] [LOG] something
[15:59:33] [LOG] something
[15:59:33] [LOG] something
[15:59:33] [LOG] something
[15:59:33] [LOG] something
[15:59:33] [LOG] something
[15:59:33] [LOG] something
[15:59:33] [LOG] something
[15:59:33] [LOG] something
[15:59:33] [LOG] something
[15:59:33] [LOG] something
[15:59:33] [LOG] something
[15:59:33] [LOG] something
[15:59:33] [LOG] something
[15:59:33] [LOG] something
[15:59:33] [LOG] something
[15:59:33] [LOG] something
[15:59:33] [LOG] something
[15:59:33] [LOG] something
[15:59:33] [LOG] something
[15:59:33] [LOG] something
[15:59:33] [LOG] something
[15:59:33] [LOG] something
[15:59:33] [LOG] something
[15:59:33] [LOG] something
[15:59:33] [LOG] something
[15:59:33] [LOG] something
[15:59:33] [LOG] something
[15:59:33] [LOG] something
[15:59:33] [LOG] something
[15:59:33] [LOG] something
[15:59:33] [LOG] something
[15:59:33] [LOG] something
[15:59:33] [LOG] something
[15:59:33] [LOG] something
[15:59:33] [LOG] something
[15:59:33] [LOG] something
[15:59:33] [LOG] something
[15:59:33] [LOG] something
[15:59:34] [LOG] something
[15:59:34] [LOG] something
[15:59:34] [LOG] something
[15:59:34] [LOG] something
[15:59:34] [LOG] something
[15:59:34] [LOG] something
[15:59:34] [LOG] something
[15:59:34] [LOG] something
[15:59:34] [LOG] something
[15:59:34] [LOG] something
[15:59:34] [LOG] something
[15:59:34] [LOG] something
[15:59:34] [LOG] something
[15:59:34] [LOG] something
[15:59:34] [LOG] something
[15:59:34] [LOG] something
[15:59:36] [LOG] something
[15:59:36] [LOG] something
[15:59:36] [LOG] something
[15:59:36] [LOG] something
[15:59:36] [LOG] something
[15:59:36] [LOG] something
[15:59:36] [LOG] something
[15:59:36] [LOG] something
[15:59:36] [LOG] something
[15:59:36] [LOG] something
[15:59:36] [LOG] something
[15:59:36] [LOG] something
[15:59:36] [LOG] something
[15:59:36] [LOG] something
[15:59:36] [LOG] something
[15:59:36] [LOG] something
[15:59:36] [LOG] something
[15:59:36] [LOG] something
[15:59:36] [LOG] something
[15:59:36] [LOG] something
[15:59:36] [LOG] something
[15:59:36] [LOG] something
[15:59:36] [LOG] something
[15:59:36] [LOG] something
[15:59:36] [LOG] something
[15:59:36] [LOG] something
[15:59:36] [LOG] something
[15:59:36] [LOG] something
[15:59:36] [LOG] something
[15:59:36] [LOG] something
[15:59:36] [LOG] something
[15:59:36] [LOG] something
[15:59:36] [LOG] something
[15:59:36] [LOG] something
[15:59:36] [LOG] something
[15:59:36] [LOG] something
[15:59:36] [LOG] something
[15:59:36] [LOG] something
[15:59:36] [LOG] something
[15:59:36] [LOG] something
[15:59:36] [LOG] something
[15:59:36] [LOG] something
[15:59:36] [LOG] something
[15:59:36] [LOG] something
[15:59:36] [LOG] something
[15:59:37] [LOG] something
[15:59:37] [LOG] something
[15:59:37] [LOG] something
[15:59:37] [LOG] something
[15:59:37] [LOG] something
[15:59:37] [LOG] something
[15:59:37] [LOG] something
[15:59:37] [LOG] something
[15:59:37] [LOG] something
[15:59:37] [LOG] something
[15:59:37] [LOG] something
[15:59:37] [LOG] something
[15:59:37] [LOG] something
[15:59:37] [LOG] something
[15:59:37] [LOG] something
[15:59:37] [LOG] something
[15:59:37] [LOG] something
[15:59:37] [LOG] something
[15:59:37] [LOG] something
[15:59:37] [LOG] something
[15:59:37] [LOG] something
[15:59:37] [LOG] something
[15:59:37] [LOG] something
[15:59:37] [LOG] something
[15:59:37] [LOG] something
[15:59:37] [LOG] something
[15:59:37] [LOG] something
[15:59:37] [LOG] something
[15:59:37] [LOG] something
[15:59:37] [LOG] something
[15:59:37] [LOG] something
[15:59:37] [LOG] something
[15:59:37] [LOG] something
[15:59:37] [LOG] something
[15:59:37] [LOG] something
[15:59:37] [LOG] something
[15:59:37] [LOG] something
[15:59:37] [LOG] something
[15:59:37] [LOG] something
[15:59:37] [LOG] something
[15:59:37] [LOG] something
[15:59:37] [LOG] something
[15:59:37] [LOG] something
[15:59:37] [LOG] something
[15:59:37] [LOG] something
[15:59:37] [LOG] something
[15:59:37] [LOG] something
[15:59:37] [LOG] something
[15:59:37] [LOG] something
[15:59:37] [LOG] something
[15:59:37] [LOG] something
[15:59:37] [LOG] something
[15:59:37] [LOG] something
[15:59:37] [LOG] something
[15:59:37] [LOG] something
[15:59:37] [LOG] something
[15:59:37] [LOG] something
[15:59:37] [LOG] something
[15:59:37] [LOG] something
[15:59:37] [LOG] something
[15:59:38] [LOG] something
[15:59:38] [LOG] something
[15:59:38] [LOG] something
[15:59:38] [LOG] something
[15:59:38] [LOG] something
[15:59:38] [LOG] something
[15:59:38] [LOG] something
[15:59:38] [LOG] something
[15:59:38] [LOG] something
[15:59:38] [LOG] something
[15:59:38] [LOG] something
[15:59:38] [LOG] something
[15:59:38] [LOG] something
[15:59:38] [LOG] something
[15:59:38] [LOG] something
[15:59:38] [LOG] something
[15:59:38] [LOG] something
[15:59:38] [LOG] something
[15:59:38] [LOG] something
[15:59:38] [LOG] something
[15:59:38] [LOG] something
[15:59:38] [LOG] something
[15:59:38] [LOG] something
[15:59:38] [LOG] something
[15:59:38] [LOG] something
[15:59:38] [LOG] something
[15:59:38] [LOG] something
[15:59:38] [LOG] something
[15:59:38] [LOG] something
[15:59:38] [LOG] something
[15:59:38] [LOG] something
[15:59:38] [LOG] something
[15:59:38] [LOG] something
[15:59:38] [LOG] something
[15:59:38] [LOG] something
[15:59:38] [LOG] something
[15:59:38] [LOG] something
[15:59:38] [LOG] something
[15:59:38] [LOG] something
[15:59:38] [LOG] something
[15:59:38] [LOG] something
[15:59:38] [LOG] something
[15:59:38] [LOG] something
[15:59:38] [LOG] something
[15:59:38] [LOG] something
[15:59:38] [LOG] something
[15:59:38] [LOG] something
[15:59:38] [LOG] something
[15:59:38] [LOG] something
[15:59:38] [LOG] something
[15:59:38] [LOG] something
[15:59:38] [LOG] something
[15:59:38] [LOG] something
[15:59:38] [LOG] something
[15:59:38] [LOG] something
[15:59:38] [LOG] something
[15:59:38] [LOG] something
[15:59:38] [LOG] something
[15:59:38] [LOG] something
[15:59:38] [LOG] something
[15:59:38] [LOG] something
[15:59:39] [LOG] something
[15:59:39] [LOG] something
[15:59:39] [LOG] something
[15:59:39] [LOG] something
[15:59:39] [LOG] something
[15:59:39] [LOG] something
[15:59:39] [LOG] something
[15:59:39] [LOG] something
[15:59:39] [LOG] something
[15:59:39] [LOG] something
[15:59:39] [LOG] something
[15:59:39] [LOG] something
[15:59:39] [LOG] something
[15:59:39] [LOG] something
[15:59:39] [LOG] something
[15:59:39] [LOG] something
[15:59:39] [LOG] something
[15:59:39] [LOG] something
[15:59:39] [LOG] something
[15:59:39] [LOG] something
[15:59:39] [LOG] something
[15:59:39] [LOG] something
[15:59:39] [LOG] something
[15:59:39] [LOG] something
[15:59:39] [LOG] something
[15:59:39] [LOG] something
[15:59:39] [LOG] something
[15:59:39] [LOG] something
[15:59:39] [LOG] something
[15:59:39] [LOG] something
[15:59:39] [LOG] something
[15:59:39] [LOG] something
[15:59:39] [LOG] something
[15:59:39] [LOG] something
[15:59:39] [LOG] something
[15:59:39] [LOG] something
[15:59:39] [LOG] something
[15:59:39] [LOG] something
[15:59:39] [LOG] something
[15:59:39] [LOG] something
[15:59:39] [LOG] something
[15:59:39] [LOG] something
[15:59:39] [LOG] something
[15:59:39] [LOG] something
[15:59:39] [LOG] something
[15:59:39] [LOG] something
[15:59:39] [LOG] something
[15:59:39] [LOG] something
[15:59:39] [LOG] something
[15:59:39] [LOG] something
[15:59:39] [LOG] something
[15:59:39] [LOG] something
[15:59:39] [LOG] something
[15:59:39] [LOG] something
[15:59:39] [LOG] something
[15:59:39] [LOG] something
[15:59:39] [LOG] something
[15:59:39] [LOG] something
[15:59:39] [LOG] something
[15:59:39] [LOG] something
[15:59:40] [LOG] something
[15:59:40] [LOG] something
[15:59:40] [LOG] something
[15:59:40] [LOG] something
[15:59:40] [LOG] something
[15:59:40] [LOG] something
[15:59:40] [LOG] something
[15:59:40] [LOG] something
[15:59:40] [LOG] something
[15:59:40] [LOG] something
[15:59:40] [LOG] something
[15:59:40] [LOG] something
[15:59:40] [LOG] something
[15:59:40] [LOG] something
[15:59:40] [LOG] something
[15:59:40] [LOG] something
[15:59:40] [LOG] something
[15:59:40] [LOG] something
[15:59:40] [LOG] something
[15:59:40] [LOG] something
[15:59:40] [LOG] something
[15:59:40] [LOG] something
[15:59:40] [LOG] something
[15:59:40] [LOG] something
[15:59:40] [LOG] something
[15:59:40] [LOG] something
[15:59:40] [LOG] something
[15:59:40] [LOG] something
[15:59:40] [LOG] something
[15:59:40] [LOG] something
[15:59:40] [LOG] something
[15:59:40] [LOG] something
[15:59:40] [LOG] something
[15:59:40] [LOG] something
[15:59:40] [LOG] something
[15:59:40] [LOG] something
[15:59:40] [LOG] something
[15:59:40] [LOG] something
[15:59:40] [LOG] something
[15:59:40] [LOG] something
[15:59:40] [LOG] something
[15:59:40] [LOG] something
[15:59:40] [LOG] something
[15:59:40] [LOG] something
[15:59:40] [LOG] something
[15:59:40] [LOG] something
[15:59:40] [LOG] something
[15:59:40] [LOG] something
[15:59:40] [LOG] something
[15:59:40] [LOG] something
[15:59:40] [LOG] something
[15:59:40] [LOG] something
[15:59:40] [LOG] something
[15:59:40] [LOG] something
[15:59:40] [LOG] something
[15:59:40] [LOG] something
[15:59:40] [LOG] something
[15:59:40] [LOG] something
[15:59:40] [LOG] something
[15:59:40] [LOG] something
[15:59:41] [LOG] something
[15:59:41] [LOG] something
[15:59:41] [LOG] something
[15:59:41] [LOG] something
[15:59:41] [LOG] something
[15:59:41] [LOG] something
[15:59:41] [LOG] something
[15:59:41] [LOG] something
[15:59:41] [LOG] something
[15:59:41] [LOG] something
[15:59:41] [LOG] something
[15:59:41] [LOG] something
[15:59:41] [LOG] something
[15:59:41] [LOG] something
[15:59:41] [LOG] something
[15:59:41] [LOG] something
[15:59:41] [LOG] something
[15:59:41] [LOG] something
[15:59:41] [LOG] something
[15:59:41] [LOG] something
[15:59:41] [LOG] something
[15:59:41] [LOG] something
[15:59:41] [LOG] something
[15:59:41] [LOG] something
[15:59:41] [LOG] something
[15:59:41] [LOG] something
[15:59:41] [LOG] something
[15:59:41] [LOG] something
[15:59:41] [LOG] something
[15:59:41] [LOG] something
[15:59:41] [LOG] something
[15:59:41] [LOG] something
[15:59:41] [LOG] something
[15:59:41] [LOG] something
[15:59:41] [LOG] something
[15:59:41] [LOG] something
[15:59:41] [LOG] something
[15:59:41] [LOG] something
[15:59:41] [LOG] something
[15:59:41] [LOG] something
[15:59:41] [LOG] something
[15:59:41] [LOG] something
[15:59:41] [LOG] something
[15:59:41] [LOG] something
[15:59:41] [LOG] something
[15:59:41] [LOG] something
[15:59:41] [LOG] something
[15:59:41] [LOG] something
[15:59:41] [LOG] something
[15:59:41] [LOG] something
[15:59:41] [LOG] something
[15:59:41] [LOG] something
[15:59:41] [LOG] something
[15:59:41] [LOG] something
[15:59:41] [LOG] something
[15:59:43] [LOG] something
[15:59:43] [LOG] something
[15:59:43] [LOG] something
[15:59:43] [LOG] something
[15:59:43] [LOG] something
[15:59:43] [LOG] something
[15:59:44] [LOG] something
[15:59:44] [LOG] something
[15:59:44] [LOG] something
[15:59:44] [LOG] something
[15:59:44] [LOG] something
[15:59:44] [LOG] something
[15:59:44] [LOG] something
[15:59:44] [LOG] something
[15:59:44] [LOG] something
[15:59:44] [LOG] something
[15:59:44] [LOG] something
[15:59:44] [LOG] something
[15:59:44] [LOG] something
[15:59:44] [LOG] something
[15:59:44] [LOG] something
[15:59:44] [LOG] something
[15:59:44] [LOG] something
[15:59:44] [LOG] something
[15:59:44] [LOG] something
[15:59:44] [LOG] something
[15:59:44] [LOG] something
[15:59:44] [LOG] something
[15:59:44] [LOG] something
[15:59:44] [LOG] something
[15:59:44] [LOG] something
[15:59:44] [LOG] something
[15:59:44] [LOG] something
[15:59:44] [LOG] something
[15:59:44] [LOG] something
[15:59:44] [LOG] something
[15:59:44] [LOG] something
[15:59:44] [LOG] something
[15:59:44] [LOG] something
[15:59:44] [LOG] something
[15:59:44] [LOG] something
[15:59:44] [LOG] something
[15:59:44] [LOG] something
[15:59:44] [LOG] something
[15:59:44] [LOG] something
[15:59:44] [LOG] something
[15:59:44] [LOG] something
[15:59:44] [LOG] something
[15:59:44] [LOG] something
[15:59:44] [LOG] something
[15:59:44] [LOG] something
[15:59:44] [LOG] something
[15:59:44] [LOG] something
[15:59:44] [LOG] something
[15:59:44] [LOG] something
[15:59:44] [LOG] something
[15:59:44] [LOG] something
[15:59:44] [LOG] something
[15:59:44] [LOG] something
[15:59:44] [LOG] something
[15:59:44] [LOG] something
[15:59:44] [LOG] something
[15:59:44] [LOG] something
[15:59:44] [LOG] something
[15:59:44] [LOG] something
[15:59:44] [LOG] something
[15:59:45] [LOG] something
[15:59:45] [LOG] something
[15:59:45] [LOG] something
[15:59:45] [LOG] something
[15:59:45] [LOG] something
[15:59:45] [LOG] something
[15:59:45] [LOG] something
[15:59:45] [LOG] something
[15:59:45] [LOG] something
[15:59:45] [LOG] something
[15:59:45] [LOG] something
[15:59:45] [LOG] something
[15:59:45] [LOG] something
[15:59:45] [LOG] something
[15:59:45] [LOG] something
[15:59:45] [LOG] something
[15:59:45] [LOG] something
[15:59:45] [LOG] something
[15:59:45] [LOG] something
[15:59:45] [LOG] something
[15:59:45] [LOG] something
[15:59:45] [LOG] something
[15:59:45] [LOG] something
[15:59:45] [LOG] something
[15:59:45] [LOG] something
[15:59:45] [LOG] something
[15:59:45] [LOG] something
[15:59:45] [LOG] something
[15:59:45] [LOG] something
[15:59:45] [LOG] something
[15:59:45] [LOG] something
[15:59:45] [LOG] something
[15:59:45] [LOG] something
[15:59:45] [LOG] something
[15:59:45] [LOG] something
[15:59:45] [LOG] something
[15:59:45] [LOG] something
[15:59:45] [LOG] something
[15:59:45] [LOG] something
[15:59:45] [LOG] something
[15:59:45] [LOG] something
[15:59:45] [LOG] something
[15:59:45] [LOG] something
[15:59:45] [LOG] something
[15:59:45] [LOG] something
[15:59:45] [LOG] something
[15:59:45] [LOG] something
[15:59:45] [LOG] something
[15:59:45] [LOG] something
[15:59:45] [LOG] something
[15:59:45] [LOG] something
[15:59:45] [LOG] something
[15:59:45] [LOG] something
[15:59:45] [LOG] something
[15:59:45] [LOG] something
[15:59:45] [LOG] something
[15:59:45] [LOG] something
[15:59:45] [LOG] something
[15:59:45] [LOG] something
[15:59:45] [LOG] something
[15:59:46] [LOG] something
[15:59:46] [LOG] something
[15:59:46] [LOG] something
[15:59:46] [LOG] something
[15:59:46] [LOG] something
[15:59:46] [LOG] something
[15:59:46] [LOG] something
[15:59:46] [LOG] something
[15:59:46] [LOG] something
[15:59:46] [LOG] something
[15:59:46] [LOG] something
[15:59:46] [LOG] something
[15:59:46] [LOG] something
[15:59:46] [LOG] something
[15:59:46] [LOG] something
[15:59:46] [LOG] something
[15:59:46] [LOG] something
[15:59:46] [LOG] something
[15:59:46] [LOG] something
[15:59:46] [LOG] something
[15:59:46] [LOG] something
[15:59:46] [LOG] something
[15:59:46] [LOG] something
[15:59:46] [LOG] something
[15:59:46] [LOG] something
[15:59:46] [LOG] something
[15:59:46] [LOG] something
[15:59:46] [LOG] something
[15:59:46] [LOG] something
[15:59:46] [LOG] something
[15:59:46] [LOG] something
[15:59:46] [LOG] something
[15:59:46] [LOG] something
[15:59:46] [LOG] something
[15:59:46] [LOG] something
[15:59:46] [LOG] something
[15:59:46] [LOG] something
[15:59:46] [LOG] something
[15:59:46] [LOG] something
[15:59:46] [LOG] something
[15:59:46] [LOG] something
[15:59:46] [LOG] something
[15:59:46] [LOG] something
[15:59:46] [LOG] something
[15:59:46] [LOG] something
[15:59:46] [LOG] something
[15:59:46] [LOG] something
[15:59:46] [LOG] something
[15:59:46] [LOG] something
[15:59:46] [LOG] something
[15:59:46] [LOG] something
[15:59:46] [LOG] something
[15:59:46] [LOG] something
[15:59:46] [LOG] something
[15:59:46] [LOG] something
[15:59:46] [LOG] something
[15:59:46] [LOG] something
[15:59:46] [LOG] something
[15:59:46] [LOG] something
[15:59:46] [LOG] something
[15:59:47] [LOG] something
[15:59:47] [LOG] something
[15:59:47] [LOG] something
[15:59:47] [LOG] something
[15:59:47] [LOG] something
[15:59:47] [LOG] something
[15:59:47] [LOG] something
[15:59:47] [LOG] something
[15:59:47] [LOG] something
[15:59:47] [LOG] something
[15:59:47] [LOG] something
[15:59:47] [LOG] something
[15:59:47] [LOG] something
[15:59:47] [LOG] something
[15:59:47] [LOG] something
[15:59:47] [LOG] something
[15:59:47] [LOG] something
[15:59:47] [LOG] something
[15:59:47] [LOG] something
[15:59:47] [LOG] something
[15:59:47] [LOG] something
[15:59:47] [LOG] something
[15:59:47] [LOG] something
[15:59:47] [LOG] something
[15:59:47] [LOG] something
[15:59:47] [LOG] something
[15:59:47] [LOG] something
[15:59:47] [LOG] something
[15:59:47] [LOG] something
[15:59:47] [LOG] something
[15:59:47] [LOG] something
[15:59:47] [LOG] something
[15:59:47] [LOG] something
[15:59:47] [LOG] something
[15:59:47] [LOG] something
[15:59:47] [LOG] something
[15:59:47] [LOG] something
[15:59:47] [LOG] something
[15:59:47] [LOG] something
[15:59:47] [LOG] something
[15:59:47] [LOG] something
[15:59:47] [LOG] something
[15:59:47] [LOG] something
[15:59:47] [LOG] something
[15:59:47] [LOG] something
[15:59:47] [LOG] something
[15:59:47] [LOG] something
[15:59:47] [LOG] something
[15:59:47] [LOG] something
[15:59:47] [LOG] something
[15:59:47] [LOG] something
[15:59:47] [LOG] something
[15:59:47] [LOG] something
[15:59:47] [LOG] something
[15:59:47] [LOG] something
[15:59:47] [LOG] something
[15:59:47] [LOG] something
[15:59:47] [LOG] something
[15:59:47] [LOG] something
[15:59:47] [LOG] something
[15:59:48] [LOG] something
[15:59:48] [LOG] something
[15:59:48] [LOG] something
[15:59:48] [LOG] something
[15:59:48] [LOG] something
[15:59:48] [LOG] something
[15:59:48] [LOG] something
[15:59:48] [LOG] something
[15:59:48] [LOG] something
[15:59:48] [LOG] something
[15:59:48] [LOG] something
[15:59:48] [LOG] something
[15:59:48] [LOG] something
[15:59:48] [LOG] something
[15:59:48] [LOG] something
[15:59:48] [LOG] something
[15:59:48] [LOG] something
[15:59:48] [LOG] something
[15:59:48] [LOG] something
[15:59:48] [LOG] something
[15:59:48] [LOG] something
[15:59:48] [LOG] something
[15:59:48] [LOG] something
[15:59:48] [LOG] something
[15:59:48] [LOG] something
[15:59:48] [LOG] something
[15:59:48] [LOG] something
[15:59:48] [LOG] something
[15:59:48] [LOG] something
[15:59:48] [LOG] something
[15:59:48] [LOG] something
[15:59:48] [LOG] something
[15:59:48] [LOG] something
[15:59:48] [LOG] something
[15:59:48] [LOG] something
[15:59:48] [LOG] something
[15:59:48] [LOG] something
[15:59:48] [LOG] something
[15:59:48] [LOG] something
[15:59:48] [LOG] something
[15:59:48] [LOG] something
[15:59:48] [LOG] something
[15:59:48] [LOG] something
[15:59:48] [LOG] something
[15:59:48] [LOG] something
[15:59:48] [LOG] something
[15:59:48] [LOG] something
[15:59:48] [LOG] something
[15:59:48] [LOG] something
[15:59:48] [LOG] something
[15:59:48] [LOG] something
[15:59:48] [LOG] something
[15:59:48] [LOG] something
[15:59:48] [LOG] something
[15:59:48] [LOG] something
[15:59:48] [LOG] something
[15:59:48] [LOG] something
[15:59:48] [LOG] something
[15:59:48] [LOG] something
[15:59:48] [LOG] something
[15:59:49] [LOG] something
[15:59:49] [LOG] something
[15:59:49] [LOG] something
[15:59:49] [LOG] something
[15:59:49] [LOG] something
[15:59:49] [LOG] something
[15:59:49] [LOG] something
[15:59:49] [LOG] something
[15:59:49] [LOG] something
[15:59:49] [LOG] something
[15:59:49] [LOG] something
[15:59:49] [LOG] something
[15:59:49] [LOG] something
[15:59:49] [LOG] something
[15:59:49] [LOG] something
[15:59:49] [LOG] something
[15:59:49] [LOG] something
[15:59:49] [LOG] something
[15:59:49] [LOG] something
[15:59:49] [LOG] something
[15:59:49] [LOG] something
[15:59:49] [LOG] something
[15:59:49] [LOG] something
[15:59:49] [LOG] something
[15:59:49] [LOG] something
[15:59:49] [LOG] something
[15:59:49] [LOG] something
[15:59:49] [LOG] something
[15:59:49] [LOG] something
[15:59:49] [LOG] something
[15:59:49] [LOG] something
[15:59:49] [LOG] something
[15:59:49] [LOG] something
[15:59:51] [LOG] something
[15:59:51] [LOG] something
[15:59:51] [LOG] something
[15:59:51] [LOG] something
[15:59:51] [LOG] something
[15:59:51] [LOG] something
[15:59:51] [LOG] something
[15:59:51] [LOG] something
[15:59:51] [LOG] something
[15:59:51] [LOG] something
[15:59:51] [LOG] something
[15:59:51] [LOG] something
[15:59:51] [LOG] something
[15:59:51] [LOG] something
[15:59:51] [LOG] something
[15:59:51] [LOG] something
[15:59:51] [LOG] something
[15:59:51] [LOG] something
[15:59:51] [LOG] something
[15:59:51] [LOG] something
[15:59:51] [LOG] something
[15:59:51] [LOG] something
[15:59:51] [LOG] something
[15:59:51] [LOG] something
[15:59:51] [LOG] something
[15:59:51] [LOG] something
[15:59:51] [LOG] something
[15:59:52] [LOG] something
[15:59:52] [LOG] something
[15:59:52] [LOG] something
[15:59:52] [LOG] something
[15:59:52] [LOG] something
[15:59:52] [LOG] something
[15:59:52] [LOG] something
[15:59:52] [LOG] something
[15:59:52] [LOG] something
[15:59:52] [LOG] something
[15:59:52] [LOG] something
[15:59:52] [LOG] something
[15:59:52] [LOG] something
[15:59:52] [LOG] something
[15:59:52] [LOG] something
[15:59:52] [LOG] something
[15:59:52] [LOG] something
[15:59:52] [LOG] something
[15:59:52] [LOG] something
[15:59:52] [LOG] something
[15:59:52] [LOG] something
[15:59:52] [LOG] something
[15:59:52] [LOG] something
[15:59:52] [LOG] something
[15:59:52] [LOG] something
[15:59:52] [LOG] something
[15:59:52] [LOG] something
[15:59:52] [LOG] something
[15:59:52] [LOG] something
[15:59:52] [LOG] something
[15:59:52] [LOG] something
[16:00:20] [LOG] something
[16:00:23] [LOG] something
[16:00:27] [LOG] something
[16:00:28] [LOG] something
[16:01:19] [LOG] something
[16:01:22] [LOG] something
[16:01:24] [LOG] something
[16:01:27] [LOG] something
[16:16:47] [LOG] O-BossTestSineSpawner
[16:26:00] [LOG] something
[16:26:03] [LOG] something
[16:26:06] [LOG] something
[16:26:07] [LOG] something
[16:27:13] [LOG] something
[16:27:19] [LOG] something
[16:27:19] [LOG] something
[16:27:19] [LOG] something
[16:27:19] [LOG] something
[16:27:19] [LOG] something
[16:27:19] [LOG] something
[16:27:19] [LOG] something
[16:27:19] [LOG] something
[16:27:19] [LOG] something
[16:27:19] [LOG] something
[16:27:19] [LOG] something
[16:27:19] [LOG] something
[16:27:19] [LOG] something
[16:27:19] [LOG] something
[16:27:19] [LOG] something
[16:27:19] [LOG] something
[16:27:19] [LOG] something
[16:27:19] [LOG] something
[16:27:19] [LOG] something
[16:27:19] [LOG] something
[16:27:19] [LOG] something
[16:27:19] [LOG] something
[16:27:19] [LOG] something
[16:27:19] [LOG] something
[16:27:19] [LOG] something
[16:27:19] [LOG] something
[16:27:19] [LOG] something
[16:27:19] [LOG] something
[16:27:19] [LOG] something
[16:27:19] [LOG] something
[16:27:19] [LOG] something
[16:27:19] [LOG] something
[16:27:19] [LOG] something
[16:27:19] [LOG] something
[16:27:19] [LOG] something
[16:27:19] [LOG] something
[16:27:19] [LOG] something
[16:27:19] [LOG] something
[16:27:19] [LOG] something
[16:27:19] [LOG] something
[16:27:19] [LOG] something
[16:27:19] [LOG] something
[16:27:19] [LOG] something
[16:27:19] [LOG] something
[16:27:19] [LOG] something
[16:27:19] [LOG] something
[16:27:19] [LOG] something
[16:27:19] [LOG] something
[16:27:19] [LOG] something
[16:27:19] [LOG] something
[16:27:19] [LOG] something
[16:27:19] [LOG] something
[16:27:19] [LOG] something
[16:27:19] [LOG] something
[16:27:19] [LOG] something
[16:27:19] [LOG] something
[16:27:19] [LOG] something
[16:27:19] [LOG] something
[16:27:19] [LOG] something
[16:27:19] [LOG] something
[16:27:19] [LOG] something
[16:27:19] [LOG] something
[16:27:19] [LOG] something
[16:27:19] [LOG] something
[16:27:19] [LOG] something
[16:27:19] [LOG] something
[16:27:19] [LOG] something
[16:27:19] [LOG] something
[16:27:19] [LOG] something
[16:27:19] [LOG] something
[16:27:19] [LOG] something
[16:27:21] [LOG] something
[16:27:21] [LOG] something
[16:27:21] [LOG] something
[16:27:21] [LOG] something
[16:27:21] [LOG] something
[16:27:21] [LOG] something
[16:27:21] [LOG] something
[16:27:21] [LOG] something
[16:27:21] [LOG] something
[16:27:21] [LOG] something
[16:27:21] [LOG] something
[16:27:21] [LOG] something
[16:27:21] [LOG] something
[16:27:21] [LOG] something
[16:27:21] [LOG] something
[16:27:21] [LOG] something
[16:27:21] [LOG] something
[16:27:22] [LOG] something
[16:27:22] [LOG] something
[16:27:22] [LOG] something
[16:27:22] [LOG] something
[16:27:22] [LOG] something
[16:27:22] [LOG] something
[16:27:22] [LOG] something
[16:27:22] [LOG] something
[16:27:22] [LOG] something
[16:27:22] [LOG] something
[16:27:22] [LOG] something
[16:27:22] [LOG] something
[16:27:22] [LOG] something
[16:27:22] [LOG] something
[16:27:22] [LOG] something
[16:27:22] [LOG] something
[16:27:22] [LOG] something
[16:27:22] [LOG] something
[16:27:22] [LOG] something
[16:27:22] [LOG] something
[16:27:22] [LOG] something
[16:27:22] [LOG] something
[16:27:22] [LOG] something
[16:27:22] [LOG] something
[16:27:22] [LOG] something
[16:27:22] [LOG] something
[16:27:22] [LOG] something
[16:27:22] [LOG] something
[16:27:22] [LOG] something
[16:27:22] [LOG] something
[16:27:22] [LOG] something
[16:27:22] [LOG] something
[16:27:22] [LOG] something
[16:27:22] [LOG] something
[16:27:22] [LOG] something
[16:27:22] [LOG] something
[16:28:07] [LOG] something
[16:28:15] [LOG] something
